<?xml version="1.0" encoding="UTF-8" ?>
<testsuite errors="0" failures="0" hostname="Mac.lan" name="matchle.CorpusLoaderTest" skipped="0" tests="4" time="12.328" timestamp="2025-04-11T11:08:54">
  <properties>
    <property name="ant.library.dir" value="/opt/homebrew/Cellar/ant/1.10.15_1/libexec/lib" />
    <property name="ant.file.type" value="file" />
    <property name="java.specification.version" value="17" />
    <property name="ant.project.name" value="MatcherTest" />
    <property name="sun.jnu.encoding" value="UTF-8" />
    <property name="java.class.path" value="/Users/percyqian/Desktop/test/Matcher/build:/Users/percyqian/Desktop/test/Matcher/lib/asm-9.1.jar:/Users/percyqian/Desktop/test/Matcher/lib/asm-commons-9.1.jar:/Users/percyqian/Desktop/test/Matcher/lib/asm-tree-9.1.jar:/Users/percyqian/Desktop/test/Matcher/lib/hamcrest-core-1.3.jar:/Users/percyqian/Desktop/test/Matcher/lib/junit-4.13.2.jar:/Users/percyqian/Desktop/test/Matcher/lib/org.jacoco.agent-0.8.7.jar:/Users/percyqian/Desktop/test/Matcher/lib/org.jacoco.ant-0.8.7.jar:/Users/percyqian/Desktop/test/Matcher/lib/org.jacoco.core-0.8.7.jar:/Users/percyqian/Desktop/test/Matcher/lib/org.jacoco.report-0.8.7.jar:/opt/homebrew/Cellar/ant/1.10.15_1/libexec/lib/ant-antlr.jar:/opt/homebrew/Cellar/ant/1.10.15_1/libexec/lib/ant-apache-bcel.jar:/opt/homebrew/Cellar/ant/1.10.15_1/libexec/lib/ant-apache-bsf.jar:/opt/homebrew/Cellar/ant/1.10.15_1/libexec/lib/ant-apache-log4j.jar:/opt/homebrew/Cellar/ant/1.10.15_1/libexec/lib/ant-apache-oro.jar:/opt/homebrew/Cellar/ant/1.10.15_1/libexec/lib/ant-apache-regexp.jar:/opt/homebrew/Cellar/ant/1.10.15_1/libexec/lib/ant-apache-resolver.jar:/opt/homebrew/Cellar/ant/1.10.15_1/libexec/lib/ant-apache-xalan2.jar:/opt/homebrew/Cellar/ant/1.10.15_1/libexec/lib/ant-commons-logging.jar:/opt/homebrew/Cellar/ant/1.10.15_1/libexec/lib/ant-commons-net.jar:/opt/homebrew/Cellar/ant/1.10.15_1/libexec/lib/ant-imageio.jar:/opt/homebrew/Cellar/ant/1.10.15_1/libexec/lib/ant-jai.jar:/opt/homebrew/Cellar/ant/1.10.15_1/libexec/lib/ant-jakartamail.jar:/opt/homebrew/Cellar/ant/1.10.15_1/libexec/lib/ant-javamail.jar:/opt/homebrew/Cellar/ant/1.10.15_1/libexec/lib/ant-jdepend.jar:/opt/homebrew/Cellar/ant/1.10.15_1/libexec/lib/ant-jmf.jar:/opt/homebrew/Cellar/ant/1.10.15_1/libexec/lib/ant-jsch.jar:/opt/homebrew/Cellar/ant/1.10.15_1/libexec/lib/ant-junit.jar:/opt/homebrew/Cellar/ant/1.10.15_1/libexec/lib/ant-junit4.jar:/opt/homebrew/Cellar/ant/1.10.15_1/libexec/lib/ant-junitlauncher.jar:/opt/homebrew/Cellar/ant/1.10.15_1/libexec/lib/ant-launcher.jar:/opt/homebrew/Cellar/ant/1.10.15_1/libexec/lib/ant-netrexx.jar:/opt/homebrew/Cellar/ant/1.10.15_1/libexec/lib/ant-swing.jar:/opt/homebrew/Cellar/ant/1.10.15_1/libexec/lib/ant-testutil.jar:/opt/homebrew/Cellar/ant/1.10.15_1/libexec/lib/ant-xz.jar:/opt/homebrew/Cellar/ant/1.10.15_1/libexec/lib/ant.jar:/opt/homebrew/Cellar/ant/1.10.15_1/libexec/lib/bcel-6.10.0.jar:/opt/homebrew/Cellar/ant/1.10.15_1/libexec/lib/ivy-2.5.3.jar" />
    <property name="java.vm.vendor" value="Homebrew" />
    <property name="ant.file.MatcherTest" value="/Users/percyqian/Desktop/test/Matcher/build.xml" />
    <property name="sun.arch.data.model" value="64" />
    <property name="main-class" value="ReservationSystem" />
    <property name="java.vendor.url" value="https://github.com/Homebrew/homebrew-core/issues" />
    <property name="os.name" value="Mac OS X" />
    <property name="java.vm.specification.version" value="17" />
    <property name="sun.java.launcher" value="SUN_STANDARD" />
    <property name="user.country" value="US" />
    <property name="sun.boot.library.path" value="/opt/homebrew/Cellar/openjdk@17/17.0.14/libexec/openjdk.jdk/Contents/Home/lib" />
    <property name="sun.java.command" value="org.apache.tools.ant.taskdefs.optional.junit.JUnitTestRunner matchle.CorpusLoaderTest skipNonTests=false filtertrace=false haltOnError=false haltOnFailure=false formatter=org.apache.tools.ant.taskdefs.optional.junit.OutErrSummaryJUnitResultFormatter showoutput=false outputtoformatters=true logfailedtests=true threadid=0 logtestlistenerevents=false formatter=org.apache.tools.ant.taskdefs.optional.junit.XMLJUnitResultFormatter,/Users/percyqian/Desktop/test/Matcher/report/junit/TEST-matchle.CorpusLoaderTest.xml crashfile=/Users/percyqian/Desktop/test/Matcher/junitvmwatcher8006896430489913448.properties propsfile=/Users/percyqian/Desktop/test/Matcher/junit9699444018430667336.properties" />
    <property name="output.dir" value="output" />
    <property name="http.nonProxyHosts" value="127.0.0.1|192.168.0.0/16|*.192.168.0.0/16|10.0.0.0/8|*.10.0.0.0/8|172.16.0.0/12|*.172.16.0.0/12|100.64.0.0/10|*.100.64.0.0/10|17.0.0.0/8|*.17.0.0.0/8|localhost|*.localhost|local|*.local|169.254.0.0/16|*.169.254.0.0/16|224.0.0.0/4|*.224.0.0.0/4|240.0.0.0/4|*.240.0.0.0/4" />
    <property name="jdk.debug" value="release" />
    <property name="test.dir" value="test" />
    <property name="sun.cpu.endian" value="little" />
    <property name="user.home" value="/Users/percyqian" />
    <property name="user.language" value="en" />
    <property name="sun.stderr.encoding" value="UTF-8" />
    <property name="java.specification.vendor" value="Oracle Corporation" />
    <property name="_jacoco.agentFile" value="/var/folders/nz/6zx7tt916fn1s3gzbmp2z3sm0000gn/T/jacocoagent5444442664257202306.jar" />
    <property name="java.version.date" value="2025-01-21" />
    <property name="java.home" value="/opt/homebrew/Cellar/openjdk@17/17.0.14/libexec/openjdk.jdk/Contents/Home" />
    <property name="basedir" value="/Users/percyqian/Desktop/test/Matcher" />
    <property name="file.separator" value="/" />
    <property name="java.vm.compressedOopsMode" value="Zero based" />
    <property name="jacoco.file" value="report/jacoco/jacoco.exec" />
    <property name="sun.stdout.encoding" value="UTF-8" />
    <property name="line.separator" value="&#xa;" />
    <property name="ant.java.version" value="17" />
    <property name="java.vm.specification.vendor" value="Oracle Corporation" />
    <property name="java.specification.name" value="Java Platform API Specification" />
    <property name="doc.dir" value="doc" />
    <property name="ant.file.type.MatcherTest" value="file" />
    <property name="sun.management.compiler" value="HotSpot 64-Bit Tiered Compilers" />
    <property name="ftp.nonProxyHosts" value="127.0.0.1|192.168.0.0/16|*.192.168.0.0/16|10.0.0.0/8|*.10.0.0.0/8|172.16.0.0/12|*.172.16.0.0/12|100.64.0.0/10|*.100.64.0.0/10|17.0.0.0/8|*.17.0.0.0/8|localhost|*.localhost|local|*.local|169.254.0.0/16|*.169.254.0.0/16|224.0.0.0/4|*.224.0.0.0/4|240.0.0.0/4|*.240.0.0.0/4" />
    <property name="java.runtime.version" value="17.0.14+0" />
    <property name="user.name" value="percyqian" />
    <property name="ant.file" value="/Users/percyqian/Desktop/test/Matcher/build.xml" />
    <property name="path.separator" value=":" />
    <property name="os.version" value="15.3.2" />
    <property name="jacoco.dir" value="report/jacoco" />
    <property name="java.runtime.name" value="OpenJDK Runtime Environment" />
    <property name="file.encoding" value="UTF-8" />
    <property name="ant.project.invoked-targets" value="report" />
    <property name="java.vm.name" value="OpenJDK 64-Bit Server VM" />
    <property name="java.vendor.version" value="Homebrew" />
    <property name="report.dir" value="report" />
    <property name="junit.dir" value="report/junit" />
    <property name="build.dir" value="build" />
    <property name="ant.core.lib" value="/opt/homebrew/Cellar/ant/1.10.15_1/libexec/lib/ant.jar" />
    <property name="java.vendor.url.bug" value="https://github.com/Homebrew/homebrew-core/issues" />
    <property name="java.io.tmpdir" value="/var/folders/nz/6zx7tt916fn1s3gzbmp2z3sm0000gn/T/" />
    <property name="java.version" value="17.0.14" />
    <property name="user.dir" value="/Users/percyqian/Desktop/test/Matcher" />
    <property name="os.arch" value="aarch64" />
    <property name="java.vm.specification.name" value="Java Virtual Machine Specification" />
    <property name="output.file" value="output/output.txt" />
    <property name="ant.home" value="/opt/homebrew/Cellar/ant/1.10.15_1/libexec" />
    <property name="error.file" value="output/error.txt" />
    <property name="native.encoding" value="UTF-8" />
    <property name="ant.version" value="Apache Ant(TM) version 1.10.15 compiled on August 25 2024" />
    <property name="java.library.path" value="/Users/percyqian/Library/Java/Extensions:/Library/Java/Extensions:/Network/Library/Java/Extensions:/System/Library/Java/Extensions:/usr/lib/java:." />
    <property name="java.vendor" value="Homebrew" />
    <property name="java.vm.info" value="mixed mode, sharing" />
    <property name="java.vm.version" value="17.0.14+0" />
    <property name="java.specification.maintenance.version" value="1" />
    <property name="sun.io.unicode.encoding" value="UnicodeBig" />
    <property name="socksNonProxyHosts" value="127.0.0.1|192.168.0.0/16|*.192.168.0.0/16|10.0.0.0/8|*.10.0.0.0/8|172.16.0.0/12|*.172.16.0.0/12|100.64.0.0/10|*.100.64.0.0/10|17.0.0.0/8|*.17.0.0.0/8|localhost|*.localhost|local|*.local|169.254.0.0/16|*.169.254.0.0/16|224.0.0.0/4|*.224.0.0.0/4|240.0.0.0/4|*.240.0.0.0/4" />
    <property name="java.class.version" value="61.0" />
    <property name="src.dir" value="src" />
  </properties>
  <testcase classname="matchle.CorpusLoaderTest" name="testLoadEnglishWords" time="0.315" />
  <testcase classname="matchle.CorpusLoaderTest" name="testHardCaseExecution" time="3.94" />
  <testcase classname="matchle.CorpusLoaderTest" name="testMainMethodExecution" time="7.873" />
  <testcase classname="matchle.CorpusLoaderTest" name="testLoadEnglishWordsWithDifferentLength" time="0.16" />
  <system-out><![CDATA[Loaded corpus with 300 5-letter words.

=== Testing Hard Case ===
Loaded special corpus with 300 words.
Testing score functions for guess: where
Score for key abear and guess where = 1
Score for key abeam and guess where = 1
Score for key abets and guess where = 1
Score for key agade and guess where = 1
Score for key aetat and guess where = 1
Score for key agada and guess where = 118
Score for key abote and guess where = 1
Score for key abilo and guess where = 118
Score for key abyss and guess where = 118
Score for key aalii and guess where = 118
Score for key abysm and guess where = 118
Score for key ablow and guess where = 6
Score for key adnex and guess where = 1
Score for key agent and guess where = 1
Score for key abuzz and guess where = 118
Score for key abbot and guess where = 118
Score for key adieu and guess where = 1
Score for key adpao and guess where = 118
Score for key agave and guess where = 1
Score for key adiel and guess where = 1
Score for key adder and guess where = 1
Score for key agene and guess where = 4
Score for key agend and guess where = 1
Score for key agena and guess where = 1
Score for key abort and guess where = 14
Score for key adaty and guess where = 118
Score for key acana and guess where = 118
Score for key aaron and guess where = 25
Score for key added and guess where = 1
Score for key agnes and guess where = 1
Score for key aberr and guess where = 1
Score for key afire and guess where = 1
Score for key abaze and guess where = 1
Score for key abord and guess where = 14
Score for key agnel and guess where = 1
Score for key adolf and guess where = 118
Score for key adati and guess where = 118
Score for key acrid and guess where = 25
Score for key adust and guess where = 118
Score for key agiel and guess where = 1
Score for key acted and guess where = 1
Score for key aggie and guess where = 1
Score for key abrus and guess where = 25
Score for key abaft and guess where = 118
Score for key acmic and guess where = 118
Score for key admov and guess where = 118
Score for key adrop and guess where = 25
Score for key adusk and guess where = 118
Score for key afrit and guess where = 25
Score for key agaty and guess where = 118
Score for key adela and guess where = 1
Score for key after and guess where = 1
Score for key absit and guess where = 118
Score for key absis and guess where = 118
Score for key abray and guess where = 25
Score for key abaff and guess where = 118
Score for key addda and guess where = 118
Score for key aflat and guess where = 118
Score for key afric and guess where = 25
Score for key acedy and guess where = 1
Score for key adcon and guess where = 118
Score for key abram and guess where = 25
Score for key agate and guess where = 1
Score for key agata and guess where = 118
Score for key abwab and guess where = 6
Score for key aesir and guess where = 1
Score for key acale and guess where = 1
Score for key adure and guess where = 1
Score for key agast and guess where = 118
Score for key agasp and guess where = 118
Score for key acock and guess where = 118
Score for key adsum and guess where = 118
Score for key aboon and guess where = 118
Score for key agars and guess where = 14
Score for key adlet and guess where = 1
Score for key abada and guess where = 118
Score for key acini and guess where = 118
Score for key addax and guess where = 118
Score for key actus and guess where = 118
Score for key acing and guess where = 118
Score for key agnus and guess where = 118
Score for key aegle and guess where = 35
Score for key acryl and guess where = 25
Score for key acoup and guess where = 118
Score for key adits and guess where = 118
Score for key agley and guess where = 1
Score for key aback and guess where = 118
Score for key acres and guess where = 1
Score for key abaci and guess where = 118
Score for key aglet and guess where = 1
Score for key agnat and guess where = 118
Score for key adapt and guess where = 118
Score for key acmes and guess where = 1
Score for key agger and guess where = 1
Score for key abaca and guess where = 118
Score for key aches and guess where = 1
Score for key acher and guess where = 1
Score for key achen and guess where = 1
Score for key abave and guess where = 1
Score for key acred and guess where = 1
Score for key aglee and guess where = 35
Score for key aeons and guess where = 1
Score for key abend and guess where = 1
Score for key afoul and guess where = 118
Score for key accel and guess where = 1
Score for key adapa and guess where = 118
Score for key absey and guess where = 1
Score for key ached and guess where = 1
Score for key afret and guess where = 1
Score for key affix and guess where = 118
Score for key abnet and guess where = 1
Score for key abner and guess where = 1
Score for key abkar and guess where = 25
Score for key aceta and guess where = 1
Score for key abies and guess where = 1
Score for key afoam and guess where = 118
Score for key agape and guess where = 1
Score for key abuts and guess where = 118
Score for key aboma and guess where = 118
Score for key absee and guess where = 35
Score for key afear and guess where = 1
Score for key abaue and guess where = 1
Score for key acost and guess where = 118
Score for key agist and guess where = 118
Score for key adoze and guess where = 1
Score for key abbie and guess where = 1
Score for key agism and guess where = 118
Score for key abuta and guess where = 118
Score for key adunc and guess where = 118
Score for key aegis and guess where = 1
Score for key aegir and guess where = 1
Score for key aevia and guess where = 1
Score for key agoge and guess where = 1
Score for key aedes and guess where = 38
Score for key abate and guess where = 1
Score for key aflow and guess where = 6
Score for key abele and guess where = 4
Score for key abidi and guess where = 118
Score for key abush and guess where = 7
Score for key acorn and guess where = 14
Score for key admix and guess where = 118
Score for key abide and guess where = 1
Score for key adrip and guess where = 25
Score for key abuse and guess where = 1
Score for key admit and guess where = 118
Score for key abhor and guess where = 4
Score for key adlay and guess where = 118
Score for key admin and guess where = 118
Score for key adoxy and guess where = 118
Score for key adams and guess where = 118
Score for key acrux and guess where = 25
Score for key afgod and guess where = 118
Score for key abask and guess where = 118
Score for key acerb and guess where = 1
Score for key adeep and guess where = 14
Score for key abash and guess where = 7
Score for key adult and guess where = 118
Score for key adeem and guess where = 14
Score for key abase and guess where = 1
Score for key adlai and guess where = 118
Score for key aggur and guess where = 25
Score for key aeron and guess where = 1
Score for key agamy and guess where = 118
Score for key accus and guess where = 118
Score for key accur and guess where = 25
Score for key ackey and guess where = 1
Score for key adoxa and guess where = 118
Score for key afore and guess where = 1
Score for key abura and guess where = 14
Score for key accum and guess where = 118
Score for key acker and guess where = 1
Score for key aargh and guess where = 4
Score for key agami and guess where = 118
Score for key achar and guess where = 4
Score for key adown and guess where = 6
Score for key ackee and guess where = 35
Score for key acrab and guess where = 25
Score for key agama and guess where = 118
Score for key afray and guess where = 25
Score for key adios and guess where = 118
Score for key accts and guess where = 118
Score for key adion and guess where = 118
Score for key aboil and guess where = 118
Score for key ablet and guess where = 1
Score for key ables and guess where = 1
Score for key abler and guess where = 1
Score for key abbey and guess where = 1
Score for key abdat and guess where = 118
Score for key abstr and guess where = 25
Score for key abbes and guess where = 1
Score for key actos and guess where = 118
Score for key actor and guess where = 25
Score for key abled and guess where = 1
Score for key acton and guess where = 118
Score for key agios and guess where = 118
Score for key abdal and guess where = 118
Score for key acool and guess where = 118
Score for key abohm and guess where = 7
Score for key adobo and guess where = 118
Score for key aeger and guess where = 18
Score for key addnl and guess where = 118
Score for key adobe and guess where = 1
Score for key aggry and guess where = 14
Score for key afoot and guess where = 118
Score for key adret and guess where = 1
Score for key aahed and guess where = 1
Score for key aggro and guess where = 14
Score for key adfix and guess where = 118
Score for key aging and guess where = 118
Score for key acone and guess where = 1
Score for key admen and guess where = 1
Score for key accra and guess where = 14
Score for key adjag and guess where = 118
Score for key adyta and guess where = 118
Score for key aface and guess where = 1
Score for key adead and guess where = 1
Score for key abune and guess where = 1
Score for key acnes and guess where = 1
Score for key acuan and guess where = 118
Score for key abuna and guess where = 118
Score for key acies and guess where = 1
Score for key acier and guess where = 1
Score for key acoma and guess where = 118
Score for key again and guess where = 118
Score for key afifi and guess where = 118
Score for key acyls and guess where = 118
Score for key acned and guess where = 1
Score for key addle and guess where = 1
Score for key aband and guess where = 118
Score for key abyes and guess where = 1
Score for key acute and guess where = 1
Score for key abris and guess where = 25
Score for key abrin and guess where = 25
Score for key abrim and guess where = 25
Score for key acidy and guess where = 118
Score for key adagy and guess where = 118
Score for key agete and guess where = 4
Score for key acids and guess where = 118
Score for key acold and guess where = 118
Score for key agile and guess where = 1
Score for key abamp and guess where = 118
Score for key aevum and guess where = 1
Score for key acate and guess where = 1
Score for key aglow and guess where = 6
Score for key abbas and guess where = 118
Score for key aequi and guess where = 1
Score for key adorn and guess where = 14
Score for key acron and guess where = 25
Score for key accoy and guess where = 118
Score for key abama and guess where = 118
Score for key adage and guess where = 1
Score for key abody and guess where = 118
Score for key achor and guess where = 4
Score for key acast and guess where = 118
Score for key adore and guess where = 1
Score for key achoo and guess where = 7
Score for key acroa and guess where = 25
Score for key abmho and guess where = 7
Score for key aerie and guess where = 2
Score for key aeric and guess where = 1
Score for key afros and guess where = 25
Score for key abode and guess where = 1
Score for key adzes and guess where = 1
Score for key adzer and guess where = 1
Score for key aecia and guess where = 1
Score for key adays and guess where = 118
Score for key agers and guess where = 1
Score for key adrue and guess where = 1
Score for key abede and guess where = 4
Score for key agaze and guess where = 1
Score for key addis and guess where = 118
Score for key abdom and guess where = 118
Score for key addio and guess where = 118
Score for key adman and guess where = 118
Score for key acari and guess where = 14
Score for key aclys and guess where = 118
Score for key adrad and guess where = 25
Score for key adopt and guess where = 118
Score for key aesop and guess where = 1
Score for key acara and guess where = 14
Score for key addie and guess where = 1
Score for key afars and guess where = 14
Score for key adept and guess where = 1
Score for key adeps and guess where = 1
Score for key actin and guess where = 118
Score for key abaka and guess where = 118
Score for key above and guess where = 1
Score for key acoin and guess where = 118
Score for key agmas and guess where = 118
Score for key aghas and guess where = 7
Score for key aghan and guess where = 7
Score for key about and guess where = 118
Score for key afara and guess where = 14
Score for key afley and guess where = 1
Score for key abret and guess where = 1
Score for key adawn and guess where = 6
Score for key acapu and guess where = 118
Score for key adawe and guess where = 1
Score for key abime and guess where = 1
Score for key admrx and guess where = 14
Best worst-case guess: abada
Loaded corpus with 300 5-letter words.
Testing score functions for guess: abced
Score for key abear and guess abced = 16
Worst-case score for guess abced = 41
Average-case score for guess abced = 24.36
Best worst-case guess: abada
Best average-case guess: abada
Loaded corpus with 300 5-letter words.

=== Testing Hard Case ===
Loaded special corpus with 300 words.
Testing score functions for guess: where
Score for key abear and guess where = 1
Score for key abeam and guess where = 1
Score for key abets and guess where = 1
Score for key agade and guess where = 1
Score for key aetat and guess where = 1
Score for key agada and guess where = 118
Score for key abote and guess where = 1
Score for key abilo and guess where = 118
Score for key abyss and guess where = 118
Score for key aalii and guess where = 118
Score for key abysm and guess where = 118
Score for key ablow and guess where = 6
Score for key adnex and guess where = 1
Score for key agent and guess where = 1
Score for key abuzz and guess where = 118
Score for key abbot and guess where = 118
Score for key adieu and guess where = 1
Score for key adpao and guess where = 118
Score for key agave and guess where = 1
Score for key adiel and guess where = 1
Score for key adder and guess where = 1
Score for key agene and guess where = 4
Score for key agend and guess where = 1
Score for key agena and guess where = 1
Score for key abort and guess where = 14
Score for key adaty and guess where = 118
Score for key acana and guess where = 118
Score for key aaron and guess where = 25
Score for key added and guess where = 1
Score for key agnes and guess where = 1
Score for key aberr and guess where = 1
Score for key afire and guess where = 1
Score for key abaze and guess where = 1
Score for key abord and guess where = 14
Score for key agnel and guess where = 1
Score for key adolf and guess where = 118
Score for key adati and guess where = 118
Score for key acrid and guess where = 25
Score for key adust and guess where = 118
Score for key agiel and guess where = 1
Score for key acted and guess where = 1
Score for key aggie and guess where = 1
Score for key abrus and guess where = 25
Score for key abaft and guess where = 118
Score for key acmic and guess where = 118
Score for key admov and guess where = 118
Score for key adrop and guess where = 25
Score for key adusk and guess where = 118
Score for key afrit and guess where = 25
Score for key agaty and guess where = 118
Score for key adela and guess where = 1
Score for key after and guess where = 1
Score for key absit and guess where = 118
Score for key absis and guess where = 118
Score for key abray and guess where = 25
Score for key abaff and guess where = 118
Score for key addda and guess where = 118
Score for key aflat and guess where = 118
Score for key afric and guess where = 25
Score for key acedy and guess where = 1
Score for key adcon and guess where = 118
Score for key abram and guess where = 25
Score for key agate and guess where = 1
Score for key agata and guess where = 118
Score for key abwab and guess where = 6
Score for key aesir and guess where = 1
Score for key acale and guess where = 1
Score for key adure and guess where = 1
Score for key agast and guess where = 118
Score for key agasp and guess where = 118
Score for key acock and guess where = 118
Score for key adsum and guess where = 118
Score for key aboon and guess where = 118
Score for key agars and guess where = 14
Score for key adlet and guess where = 1
Score for key abada and guess where = 118
Score for key acini and guess where = 118
Score for key addax and guess where = 118
Score for key actus and guess where = 118
Score for key acing and guess where = 118
Score for key agnus and guess where = 118
Score for key aegle and guess where = 35
Score for key acryl and guess where = 25
Score for key acoup and guess where = 118
Score for key adits and guess where = 118
Score for key agley and guess where = 1
Score for key aback and guess where = 118
Score for key acres and guess where = 1
Score for key abaci and guess where = 118
Score for key aglet and guess where = 1
Score for key agnat and guess where = 118
Score for key adapt and guess where = 118
Score for key acmes and guess where = 1
Score for key agger and guess where = 1
Score for key abaca and guess where = 118
Score for key aches and guess where = 1
Score for key acher and guess where = 1
Score for key achen and guess where = 1
Score for key abave and guess where = 1
Score for key acred and guess where = 1
Score for key aglee and guess where = 35
Score for key aeons and guess where = 1
Score for key abend and guess where = 1
Score for key afoul and guess where = 118
Score for key accel and guess where = 1
Score for key adapa and guess where = 118
Score for key absey and guess where = 1
Score for key ached and guess where = 1
Score for key afret and guess where = 1
Score for key affix and guess where = 118
Score for key abnet and guess where = 1
Score for key abner and guess where = 1
Score for key abkar and guess where = 25
Score for key aceta and guess where = 1
Score for key abies and guess where = 1
Score for key afoam and guess where = 118
Score for key agape and guess where = 1
Score for key abuts and guess where = 118
Score for key aboma and guess where = 118
Score for key absee and guess where = 35
Score for key afear and guess where = 1
Score for key abaue and guess where = 1
Score for key acost and guess where = 118
Score for key agist and guess where = 118
Score for key adoze and guess where = 1
Score for key abbie and guess where = 1
Score for key agism and guess where = 118
Score for key abuta and guess where = 118
Score for key adunc and guess where = 118
Score for key aegis and guess where = 1
Score for key aegir and guess where = 1
Score for key aevia and guess where = 1
Score for key agoge and guess where = 1
Score for key aedes and guess where = 38
Score for key abate and guess where = 1
Score for key aflow and guess where = 6
Score for key abele and guess where = 4
Score for key abidi and guess where = 118
Score for key abush and guess where = 7
Score for key acorn and guess where = 14
Score for key admix and guess where = 118
Score for key abide and guess where = 1
Score for key adrip and guess where = 25
Score for key abuse and guess where = 1
Score for key admit and guess where = 118
Score for key abhor and guess where = 4
Score for key adlay and guess where = 118
Score for key admin and guess where = 118
Score for key adoxy and guess where = 118
Score for key adams and guess where = 118
Score for key acrux and guess where = 25
Score for key afgod and guess where = 118
Score for key abask and guess where = 118
Score for key acerb and guess where = 1
Score for key adeep and guess where = 14
Score for key abash and guess where = 7
Score for key adult and guess where = 118
Score for key adeem and guess where = 14
Score for key abase and guess where = 1
Score for key adlai and guess where = 118
Score for key aggur and guess where = 25
Score for key aeron and guess where = 1
Score for key agamy and guess where = 118
Score for key accus and guess where = 118
Score for key accur and guess where = 25
Score for key ackey and guess where = 1
Score for key adoxa and guess where = 118
Score for key afore and guess where = 1
Score for key abura and guess where = 14
Score for key accum and guess where = 118
Score for key acker and guess where = 1
Score for key aargh and guess where = 4
Score for key agami and guess where = 118
Score for key achar and guess where = 4
Score for key adown and guess where = 6
Score for key ackee and guess where = 35
Score for key acrab and guess where = 25
Score for key agama and guess where = 118
Score for key afray and guess where = 25
Score for key adios and guess where = 118
Score for key accts and guess where = 118
Score for key adion and guess where = 118
Score for key aboil and guess where = 118
Score for key ablet and guess where = 1
Score for key ables and guess where = 1
Score for key abler and guess where = 1
Score for key abbey and guess where = 1
Score for key abdat and guess where = 118
Score for key abstr and guess where = 25
Score for key abbes and guess where = 1
Score for key actos and guess where = 118
Score for key actor and guess where = 25
Score for key abled and guess where = 1
Score for key acton and guess where = 118
Score for key agios and guess where = 118
Score for key abdal and guess where = 118
Score for key acool and guess where = 118
Score for key abohm and guess where = 7
Score for key adobo and guess where = 118
Score for key aeger and guess where = 18
Score for key addnl and guess where = 118
Score for key adobe and guess where = 1
Score for key aggry and guess where = 14
Score for key afoot and guess where = 118
Score for key adret and guess where = 1
Score for key aahed and guess where = 1
Score for key aggro and guess where = 14
Score for key adfix and guess where = 118
Score for key aging and guess where = 118
Score for key acone and guess where = 1
Score for key admen and guess where = 1
Score for key accra and guess where = 14
Score for key adjag and guess where = 118
Score for key adyta and guess where = 118
Score for key aface and guess where = 1
Score for key adead and guess where = 1
Score for key abune and guess where = 1
Score for key acnes and guess where = 1
Score for key acuan and guess where = 118
Score for key abuna and guess where = 118
Score for key acies and guess where = 1
Score for key acier and guess where = 1
Score for key acoma and guess where = 118
Score for key again and guess where = 118
Score for key afifi and guess where = 118
Score for key acyls and guess where = 118
Score for key acned and guess where = 1
Score for key addle and guess where = 1
Score for key aband and guess where = 118
Score for key abyes and guess where = 1
Score for key acute and guess where = 1
Score for key abris and guess where = 25
Score for key abrin and guess where = 25
Score for key abrim and guess where = 25
Score for key acidy and guess where = 118
Score for key adagy and guess where = 118
Score for key agete and guess where = 4
Score for key acids and guess where = 118
Score for key acold and guess where = 118
Score for key agile and guess where = 1
Score for key abamp and guess where = 118
Score for key aevum and guess where = 1
Score for key acate and guess where = 1
Score for key aglow and guess where = 6
Score for key abbas and guess where = 118
Score for key aequi and guess where = 1
Score for key adorn and guess where = 14
Score for key acron and guess where = 25
Score for key accoy and guess where = 118
Score for key abama and guess where = 118
Score for key adage and guess where = 1
Score for key abody and guess where = 118
Score for key achor and guess where = 4
Score for key acast and guess where = 118
Score for key adore and guess where = 1
Score for key achoo and guess where = 7
Score for key acroa and guess where = 25
Score for key abmho and guess where = 7
Score for key aerie and guess where = 2
Score for key aeric and guess where = 1
Score for key afros and guess where = 25
Score for key abode and guess where = 1
Score for key adzes and guess where = 1
Score for key adzer and guess where = 1
Score for key aecia and guess where = 1
Score for key adays and guess where = 118
Score for key agers and guess where = 1
Score for key adrue and guess where = 1
Score for key abede and guess where = 4
Score for key agaze and guess where = 1
Score for key addis and guess where = 118
Score for key abdom and guess where = 118
Score for key addio and guess where = 118
Score for key adman and guess where = 118
Score for key acari and guess where = 14
Score for key aclys and guess where = 118
Score for key adrad and guess where = 25
Score for key adopt and guess where = 118
Score for key aesop and guess where = 1
Score for key acara and guess where = 14
Score for key addie and guess where = 1
Score for key afars and guess where = 14
Score for key adept and guess where = 1
Score for key adeps and guess where = 1
Score for key actin and guess where = 118
Score for key abaka and guess where = 118
Score for key above and guess where = 1
Score for key acoin and guess where = 118
Score for key agmas and guess where = 118
Score for key aghas and guess where = 7
Score for key aghan and guess where = 7
Score for key about and guess where = 118
Score for key afara and guess where = 14
Score for key afley and guess where = 1
Score for key abret and guess where = 1
Score for key adawn and guess where = 6
Score for key acapu and guess where = 118
Score for key adawe and guess where = 1
Score for key abime and guess where = 1
Score for key admrx and guess where = 14
Best worst-case guess: abada
]]></system-out>
  <system-err><![CDATA[]]></system-err>
</testsuite>
